Start testing: Mar 12 18:14 MSK
----------------------------------------------------------
1/21 Testing: ServerLogicAuthTest.RegistersNewPlayerWithDefaultResources
1/21 Test: ServerLogicAuthTest.RegistersNewPlayerWithDefaultResources
Command: "/Users/nikitagerasimov/Desktop/Study/6 semestr/Multithreading/build/server_logic_tests" "--gtest_filter=ServerLogicAuthTest.RegistersNewPlayerWithDefaultResources" "--gtest_also_run_disabled_tests"
Directory: /Users/nikitagerasimov/Desktop/Study/6 semestr/Multithreading/build
"ServerLogicAuthTest.RegistersNewPlayerWithDefaultResources" start time: Mar 12 18:14 MSK
Output:
----------------------------------------------------------
Running main() from /tmp/googletest-20240731-4513-2m6gxg/googletest-1.15.2/googletest/src/gtest_main.cc
Note: Google Test filter = ServerLogicAuthTest.RegistersNewPlayerWithDefaultResources
[==========] Running 1 test from 1 test suite.
[----------] Global test environment set-up.
[----------] 1 test from ServerLogicAuthTest
[ RUN      ] ServerLogicAuthTest.RegistersNewPlayerWithDefaultResources
[       OK ] ServerLogicAuthTest.RegistersNewPlayerWithDefaultResources (0 ms)
[----------] 1 test from ServerLogicAuthTest (0 ms total)

[----------] Global test environment tear-down
[==========] 1 test from 1 test suite ran. (0 ms total)
[  PASSED  ] 1 test.
<end of output>
Test time =   0.02 sec
----------------------------------------------------------
Test Passed.
"ServerLogicAuthTest.RegistersNewPlayerWithDefaultResources" end time: Mar 12 18:14 MSK
"ServerLogicAuthTest.RegistersNewPlayerWithDefaultResources" time elapsed: 00:00:00
----------------------------------------------------------

2/21 Testing: ServerLogicAuthTest.LogsIntoExistingPlayerWithoutCreatingNewOne
2/21 Test: ServerLogicAuthTest.LogsIntoExistingPlayerWithoutCreatingNewOne
Command: "/Users/nikitagerasimov/Desktop/Study/6 semestr/Multithreading/build/server_logic_tests" "--gtest_filter=ServerLogicAuthTest.LogsIntoExistingPlayerWithoutCreatingNewOne" "--gtest_also_run_disabled_tests"
Directory: /Users/nikitagerasimov/Desktop/Study/6 semestr/Multithreading/build
"ServerLogicAuthTest.LogsIntoExistingPlayerWithoutCreatingNewOne" start time: Mar 12 18:14 MSK
Output:
----------------------------------------------------------
Running main() from /tmp/googletest-20240731-4513-2m6gxg/googletest-1.15.2/googletest/src/gtest_main.cc
Note: Google Test filter = ServerLogicAuthTest.LogsIntoExistingPlayerWithoutCreatingNewOne
[==========] Running 1 test from 1 test suite.
[----------] Global test environment set-up.
[----------] 1 test from ServerLogicAuthTest
[ RUN      ] ServerLogicAuthTest.LogsIntoExistingPlayerWithoutCreatingNewOne
[       OK ] ServerLogicAuthTest.LogsIntoExistingPlayerWithoutCreatingNewOne (0 ms)
[----------] 1 test from ServerLogicAuthTest (0 ms total)

[----------] Global test environment tear-down
[==========] 1 test from 1 test suite ran. (0 ms total)
[  PASSED  ] 1 test.
<end of output>
Test time =   0.00 sec
----------------------------------------------------------
Test Passed.
"ServerLogicAuthTest.LogsIntoExistingPlayerWithoutCreatingNewOne" end time: Mar 12 18:14 MSK
"ServerLogicAuthTest.LogsIntoExistingPlayerWithoutCreatingNewOne" time elapsed: 00:00:00
----------------------------------------------------------

3/21 Testing: ServerLogicAuthTest.RejectsDuplicateLoginDuringRegistration
3/21 Test: ServerLogicAuthTest.RejectsDuplicateLoginDuringRegistration
Command: "/Users/nikitagerasimov/Desktop/Study/6 semestr/Multithreading/build/server_logic_tests" "--gtest_filter=ServerLogicAuthTest.RejectsDuplicateLoginDuringRegistration" "--gtest_also_run_disabled_tests"
Directory: /Users/nikitagerasimov/Desktop/Study/6 semestr/Multithreading/build
"ServerLogicAuthTest.RejectsDuplicateLoginDuringRegistration" start time: Mar 12 18:14 MSK
Output:
----------------------------------------------------------
Running main() from /tmp/googletest-20240731-4513-2m6gxg/googletest-1.15.2/googletest/src/gtest_main.cc
Note: Google Test filter = ServerLogicAuthTest.RejectsDuplicateLoginDuringRegistration
[==========] Running 1 test from 1 test suite.
[----------] Global test environment set-up.
[----------] 1 test from ServerLogicAuthTest
[ RUN      ] ServerLogicAuthTest.RejectsDuplicateLoginDuringRegistration
[       OK ] ServerLogicAuthTest.RejectsDuplicateLoginDuringRegistration (0 ms)
[----------] 1 test from ServerLogicAuthTest (0 ms total)

[----------] Global test environment tear-down
[==========] 1 test from 1 test suite ran. (0 ms total)
[  PASSED  ] 1 test.
<end of output>
Test time =   0.00 sec
----------------------------------------------------------
Test Passed.
"ServerLogicAuthTest.RejectsDuplicateLoginDuringRegistration" end time: Mar 12 18:14 MSK
"ServerLogicAuthTest.RejectsDuplicateLoginDuringRegistration" time elapsed: 00:00:00
----------------------------------------------------------

4/21 Testing: ServerLogicAuthTest.RejectsInvalidLoginDuringRegistration
4/21 Test: ServerLogicAuthTest.RejectsInvalidLoginDuringRegistration
Command: "/Users/nikitagerasimov/Desktop/Study/6 semestr/Multithreading/build/server_logic_tests" "--gtest_filter=ServerLogicAuthTest.RejectsInvalidLoginDuringRegistration" "--gtest_also_run_disabled_tests"
Directory: /Users/nikitagerasimov/Desktop/Study/6 semestr/Multithreading/build
"ServerLogicAuthTest.RejectsInvalidLoginDuringRegistration" start time: Mar 12 18:14 MSK
Output:
----------------------------------------------------------
Running main() from /tmp/googletest-20240731-4513-2m6gxg/googletest-1.15.2/googletest/src/gtest_main.cc
Note: Google Test filter = ServerLogicAuthTest.RejectsInvalidLoginDuringRegistration
[==========] Running 1 test from 1 test suite.
[----------] Global test environment set-up.
[----------] 1 test from ServerLogicAuthTest
[ RUN      ] ServerLogicAuthTest.RejectsInvalidLoginDuringRegistration
[       OK ] ServerLogicAuthTest.RejectsInvalidLoginDuringRegistration (0 ms)
[----------] 1 test from ServerLogicAuthTest (0 ms total)

[----------] Global test environment tear-down
[==========] 1 test from 1 test suite ran. (0 ms total)
[  PASSED  ] 1 test.
<end of output>
Test time =   0.00 sec
----------------------------------------------------------
Test Passed.
"ServerLogicAuthTest.RejectsInvalidLoginDuringRegistration" end time: Mar 12 18:14 MSK
"ServerLogicAuthTest.RejectsInvalidLoginDuringRegistration" time elapsed: 00:00:00
----------------------------------------------------------

5/21 Testing: ServerLogicAuthTest.RejectsShortPasswordDuringRegistration
5/21 Test: ServerLogicAuthTest.RejectsShortPasswordDuringRegistration
Command: "/Users/nikitagerasimov/Desktop/Study/6 semestr/Multithreading/build/server_logic_tests" "--gtest_filter=ServerLogicAuthTest.RejectsShortPasswordDuringRegistration" "--gtest_also_run_disabled_tests"
Directory: /Users/nikitagerasimov/Desktop/Study/6 semestr/Multithreading/build
"ServerLogicAuthTest.RejectsShortPasswordDuringRegistration" start time: Mar 12 18:14 MSK
Output:
----------------------------------------------------------
Running main() from /tmp/googletest-20240731-4513-2m6gxg/googletest-1.15.2/googletest/src/gtest_main.cc
Note: Google Test filter = ServerLogicAuthTest.RejectsShortPasswordDuringRegistration
[==========] Running 1 test from 1 test suite.
[----------] Global test environment set-up.
[----------] 1 test from ServerLogicAuthTest
[ RUN      ] ServerLogicAuthTest.RejectsShortPasswordDuringRegistration
[       OK ] ServerLogicAuthTest.RejectsShortPasswordDuringRegistration (0 ms)
[----------] 1 test from ServerLogicAuthTest (0 ms total)

[----------] Global test environment tear-down
[==========] 1 test from 1 test suite ran. (0 ms total)
[  PASSED  ] 1 test.
<end of output>
Test time =   0.00 sec
----------------------------------------------------------
Test Passed.
"ServerLogicAuthTest.RejectsShortPasswordDuringRegistration" end time: Mar 12 18:14 MSK
"ServerLogicAuthTest.RejectsShortPasswordDuringRegistration" time elapsed: 00:00:00
----------------------------------------------------------

6/21 Testing: ServerLogicAuthTest.RejectsUnknownLoginDuringAuthentication
6/21 Test: ServerLogicAuthTest.RejectsUnknownLoginDuringAuthentication
Command: "/Users/nikitagerasimov/Desktop/Study/6 semestr/Multithreading/build/server_logic_tests" "--gtest_filter=ServerLogicAuthTest.RejectsUnknownLoginDuringAuthentication" "--gtest_also_run_disabled_tests"
Directory: /Users/nikitagerasimov/Desktop/Study/6 semestr/Multithreading/build
"ServerLogicAuthTest.RejectsUnknownLoginDuringAuthentication" start time: Mar 12 18:14 MSK
Output:
----------------------------------------------------------
Running main() from /tmp/googletest-20240731-4513-2m6gxg/googletest-1.15.2/googletest/src/gtest_main.cc
Note: Google Test filter = ServerLogicAuthTest.RejectsUnknownLoginDuringAuthentication
[==========] Running 1 test from 1 test suite.
[----------] Global test environment set-up.
[----------] 1 test from ServerLogicAuthTest
[ RUN      ] ServerLogicAuthTest.RejectsUnknownLoginDuringAuthentication
[       OK ] ServerLogicAuthTest.RejectsUnknownLoginDuringAuthentication (0 ms)
[----------] 1 test from ServerLogicAuthTest (0 ms total)

[----------] Global test environment tear-down
[==========] 1 test from 1 test suite ran. (0 ms total)
[  PASSED  ] 1 test.
<end of output>
Test time =   0.00 sec
----------------------------------------------------------
Test Passed.
"ServerLogicAuthTest.RejectsUnknownLoginDuringAuthentication" end time: Mar 12 18:14 MSK
"ServerLogicAuthTest.RejectsUnknownLoginDuringAuthentication" time elapsed: 00:00:00
----------------------------------------------------------

7/21 Testing: ServerLogicAuthTest.RejectsWrongPasswordDuringAuthentication
7/21 Test: ServerLogicAuthTest.RejectsWrongPasswordDuringAuthentication
Command: "/Users/nikitagerasimov/Desktop/Study/6 semestr/Multithreading/build/server_logic_tests" "--gtest_filter=ServerLogicAuthTest.RejectsWrongPasswordDuringAuthentication" "--gtest_also_run_disabled_tests"
Directory: /Users/nikitagerasimov/Desktop/Study/6 semestr/Multithreading/build
"ServerLogicAuthTest.RejectsWrongPasswordDuringAuthentication" start time: Mar 12 18:14 MSK
Output:
----------------------------------------------------------
Running main() from /tmp/googletest-20240731-4513-2m6gxg/googletest-1.15.2/googletest/src/gtest_main.cc
Note: Google Test filter = ServerLogicAuthTest.RejectsWrongPasswordDuringAuthentication
[==========] Running 1 test from 1 test suite.
[----------] Global test environment set-up.
[----------] 1 test from ServerLogicAuthTest
[ RUN      ] ServerLogicAuthTest.RejectsWrongPasswordDuringAuthentication
[       OK ] ServerLogicAuthTest.RejectsWrongPasswordDuringAuthentication (0 ms)
[----------] 1 test from ServerLogicAuthTest (0 ms total)

[----------] Global test environment tear-down
[==========] 1 test from 1 test suite ran. (0 ms total)
[  PASSED  ] 1 test.
<end of output>
Test time =   0.00 sec
----------------------------------------------------------
Test Passed.
"ServerLogicAuthTest.RejectsWrongPasswordDuringAuthentication" end time: Mar 12 18:14 MSK
"ServerLogicAuthTest.RejectsWrongPasswordDuringAuthentication" time elapsed: 00:00:00
----------------------------------------------------------

8/21 Testing: ServerLogicOrdersTest.CreatesQueuedOrderAndReturnsItInList
8/21 Test: ServerLogicOrdersTest.CreatesQueuedOrderAndReturnsItInList
Command: "/Users/nikitagerasimov/Desktop/Study/6 semestr/Multithreading/build/server_logic_tests" "--gtest_filter=ServerLogicOrdersTest.CreatesQueuedOrderAndReturnsItInList" "--gtest_also_run_disabled_tests"
Directory: /Users/nikitagerasimov/Desktop/Study/6 semestr/Multithreading/build
"ServerLogicOrdersTest.CreatesQueuedOrderAndReturnsItInList" start time: Mar 12 18:14 MSK
Output:
----------------------------------------------------------
Running main() from /tmp/googletest-20240731-4513-2m6gxg/googletest-1.15.2/googletest/src/gtest_main.cc
Note: Google Test filter = ServerLogicOrdersTest.CreatesQueuedOrderAndReturnsItInList
[==========] Running 1 test from 1 test suite.
[----------] Global test environment set-up.
[----------] 1 test from ServerLogicOrdersTest
[ RUN      ] ServerLogicOrdersTest.CreatesQueuedOrderAndReturnsItInList
[       OK ] ServerLogicOrdersTest.CreatesQueuedOrderAndReturnsItInList (0 ms)
[----------] 1 test from ServerLogicOrdersTest (0 ms total)

[----------] Global test environment tear-down
[==========] 1 test from 1 test suite ran. (0 ms total)
[  PASSED  ] 1 test.
<end of output>
Test time =   0.00 sec
----------------------------------------------------------
Test Passed.
"ServerLogicOrdersTest.CreatesQueuedOrderAndReturnsItInList" end time: Mar 12 18:14 MSK
"ServerLogicOrdersTest.CreatesQueuedOrderAndReturnsItInList" time elapsed: 00:00:00
----------------------------------------------------------

9/21 Testing: ServerLogicOrdersTest.ReturnsAggregatedStatsForPlayerOrders
9/21 Test: ServerLogicOrdersTest.ReturnsAggregatedStatsForPlayerOrders
Command: "/Users/nikitagerasimov/Desktop/Study/6 semestr/Multithreading/build/server_logic_tests" "--gtest_filter=ServerLogicOrdersTest.ReturnsAggregatedStatsForPlayerOrders" "--gtest_also_run_disabled_tests"
Directory: /Users/nikitagerasimov/Desktop/Study/6 semestr/Multithreading/build
"ServerLogicOrdersTest.ReturnsAggregatedStatsForPlayerOrders" start time: Mar 12 18:14 MSK
Output:
----------------------------------------------------------
Running main() from /tmp/googletest-20240731-4513-2m6gxg/googletest-1.15.2/googletest/src/gtest_main.cc
Note: Google Test filter = ServerLogicOrdersTest.ReturnsAggregatedStatsForPlayerOrders
[==========] Running 1 test from 1 test suite.
[----------] Global test environment set-up.
[----------] 1 test from ServerLogicOrdersTest
[ RUN      ] ServerLogicOrdersTest.ReturnsAggregatedStatsForPlayerOrders
[       OK ] ServerLogicOrdersTest.ReturnsAggregatedStatsForPlayerOrders (0 ms)
[----------] 1 test from ServerLogicOrdersTest (0 ms total)

[----------] Global test environment tear-down
[==========] 1 test from 1 test suite ran. (0 ms total)
[  PASSED  ] 1 test.
<end of output>
Test time =   0.00 sec
----------------------------------------------------------
Test Passed.
"ServerLogicOrdersTest.ReturnsAggregatedStatsForPlayerOrders" end time: Mar 12 18:14 MSK
"ServerLogicOrdersTest.ReturnsAggregatedStatsForPlayerOrders" time elapsed: 00:00:00
----------------------------------------------------------

10/21 Testing: ServerLogicOrdersTest.RejectsOrderCreationForUnknownPlayer
10/21 Test: ServerLogicOrdersTest.RejectsOrderCreationForUnknownPlayer
Command: "/Users/nikitagerasimov/Desktop/Study/6 semestr/Multithreading/build/server_logic_tests" "--gtest_filter=ServerLogicOrdersTest.RejectsOrderCreationForUnknownPlayer" "--gtest_also_run_disabled_tests"
Directory: /Users/nikitagerasimov/Desktop/Study/6 semestr/Multithreading/build
"ServerLogicOrdersTest.RejectsOrderCreationForUnknownPlayer" start time: Mar 12 18:14 MSK
Output:
----------------------------------------------------------
Running main() from /tmp/googletest-20240731-4513-2m6gxg/googletest-1.15.2/googletest/src/gtest_main.cc
Note: Google Test filter = ServerLogicOrdersTest.RejectsOrderCreationForUnknownPlayer
[==========] Running 1 test from 1 test suite.
[----------] Global test environment set-up.
[----------] 1 test from ServerLogicOrdersTest
[ RUN      ] ServerLogicOrdersTest.RejectsOrderCreationForUnknownPlayer
[       OK ] ServerLogicOrdersTest.RejectsOrderCreationForUnknownPlayer (0 ms)
[----------] 1 test from ServerLogicOrdersTest (0 ms total)

[----------] Global test environment tear-down
[==========] 1 test from 1 test suite ran. (0 ms total)
[  PASSED  ] 1 test.
<end of output>
Test time =   0.00 sec
----------------------------------------------------------
Test Passed.
"ServerLogicOrdersTest.RejectsOrderCreationForUnknownPlayer" end time: Mar 12 18:14 MSK
"ServerLogicOrdersTest.RejectsOrderCreationForUnknownPlayer" time elapsed: 00:00:00
----------------------------------------------------------

11/21 Testing: ServerLogicOrdersTest.RejectsOrderWhenQueueIsFull
11/21 Test: ServerLogicOrdersTest.RejectsOrderWhenQueueIsFull
Command: "/Users/nikitagerasimov/Desktop/Study/6 semestr/Multithreading/build/server_logic_tests" "--gtest_filter=ServerLogicOrdersTest.RejectsOrderWhenQueueIsFull" "--gtest_also_run_disabled_tests"
Directory: /Users/nikitagerasimov/Desktop/Study/6 semestr/Multithreading/build
"ServerLogicOrdersTest.RejectsOrderWhenQueueIsFull" start time: Mar 12 18:14 MSK
Output:
----------------------------------------------------------
Running main() from /tmp/googletest-20240731-4513-2m6gxg/googletest-1.15.2/googletest/src/gtest_main.cc
Note: Google Test filter = ServerLogicOrdersTest.RejectsOrderWhenQueueIsFull
[==========] Running 1 test from 1 test suite.
[----------] Global test environment set-up.
[----------] 1 test from ServerLogicOrdersTest
[ RUN      ] ServerLogicOrdersTest.RejectsOrderWhenQueueIsFull
[       OK ] ServerLogicOrdersTest.RejectsOrderWhenQueueIsFull (0 ms)
[----------] 1 test from ServerLogicOrdersTest (0 ms total)

[----------] Global test environment tear-down
[==========] 1 test from 1 test suite ran. (0 ms total)
[  PASSED  ] 1 test.
<end of output>
Test time =   0.00 sec
----------------------------------------------------------
Test Passed.
"ServerLogicOrdersTest.RejectsOrderWhenQueueIsFull" end time: Mar 12 18:14 MSK
"ServerLogicOrdersTest.RejectsOrderWhenQueueIsFull" time elapsed: 00:00:00
----------------------------------------------------------

12/21 Testing: ServerLogicExecutionTest.CompletesOrderAndAwardsCoins
12/21 Test: ServerLogicExecutionTest.CompletesOrderAndAwardsCoins
Command: "/Users/nikitagerasimov/Desktop/Study/6 semestr/Multithreading/build/server_logic_tests" "--gtest_filter=ServerLogicExecutionTest.CompletesOrderAndAwardsCoins" "--gtest_also_run_disabled_tests"
Directory: /Users/nikitagerasimov/Desktop/Study/6 semestr/Multithreading/build
"ServerLogicExecutionTest.CompletesOrderAndAwardsCoins" start time: Mar 12 18:14 MSK
Output:
----------------------------------------------------------
Running main() from /tmp/googletest-20240731-4513-2m6gxg/googletest-1.15.2/googletest/src/gtest_main.cc
Note: Google Test filter = ServerLogicExecutionTest.CompletesOrderAndAwardsCoins
[==========] Running 1 test from 1 test suite.
[----------] Global test environment set-up.
[----------] 1 test from ServerLogicExecutionTest
[ RUN      ] ServerLogicExecutionTest.CompletesOrderAndAwardsCoins
[       OK ] ServerLogicExecutionTest.CompletesOrderAndAwardsCoins (31 ms)
[----------] 1 test from ServerLogicExecutionTest (31 ms total)

[----------] Global test environment tear-down
[==========] 1 test from 1 test suite ran. (31 ms total)
[  PASSED  ] 1 test.
<end of output>
Test time =   0.04 sec
----------------------------------------------------------
Test Passed.
"ServerLogicExecutionTest.CompletesOrderAndAwardsCoins" end time: Mar 12 18:14 MSK
"ServerLogicExecutionTest.CompletesOrderAndAwardsCoins" time elapsed: 00:00:00
----------------------------------------------------------

13/21 Testing: ServerLogicExecutionTest.UpdatesProgressMonotonicallyWhileOrderIsRunning
13/21 Test: ServerLogicExecutionTest.UpdatesProgressMonotonicallyWhileOrderIsRunning
Command: "/Users/nikitagerasimov/Desktop/Study/6 semestr/Multithreading/build/server_logic_tests" "--gtest_filter=ServerLogicExecutionTest.UpdatesProgressMonotonicallyWhileOrderIsRunning" "--gtest_also_run_disabled_tests"
Directory: /Users/nikitagerasimov/Desktop/Study/6 semestr/Multithreading/build
"ServerLogicExecutionTest.UpdatesProgressMonotonicallyWhileOrderIsRunning" start time: Mar 12 18:14 MSK
Output:
----------------------------------------------------------
Running main() from /tmp/googletest-20240731-4513-2m6gxg/googletest-1.15.2/googletest/src/gtest_main.cc
Note: Google Test filter = ServerLogicExecutionTest.UpdatesProgressMonotonicallyWhileOrderIsRunning
[==========] Running 1 test from 1 test suite.
[----------] Global test environment set-up.
[----------] 1 test from ServerLogicExecutionTest
[ RUN      ] ServerLogicExecutionTest.UpdatesProgressMonotonicallyWhileOrderIsRunning
[       OK ] ServerLogicExecutionTest.UpdatesProgressMonotonicallyWhileOrderIsRunning (56 ms)
[----------] 1 test from ServerLogicExecutionTest (56 ms total)

[----------] Global test environment tear-down
[==========] 1 test from 1 test suite ran. (56 ms total)
[  PASSED  ] 1 test.
<end of output>
Test time =   0.06 sec
----------------------------------------------------------
Test Passed.
"ServerLogicExecutionTest.UpdatesProgressMonotonicallyWhileOrderIsRunning" end time: Mar 12 18:14 MSK
"ServerLogicExecutionTest.UpdatesProgressMonotonicallyWhileOrderIsRunning" time elapsed: 00:00:00
----------------------------------------------------------

14/21 Testing: ServerLogicExecutionTest.RespectsMachineLimitAndKeepsExtraOrdersQueued
14/21 Test: ServerLogicExecutionTest.RespectsMachineLimitAndKeepsExtraOrdersQueued
Command: "/Users/nikitagerasimov/Desktop/Study/6 semestr/Multithreading/build/server_logic_tests" "--gtest_filter=ServerLogicExecutionTest.RespectsMachineLimitAndKeepsExtraOrdersQueued" "--gtest_also_run_disabled_tests"
Directory: /Users/nikitagerasimov/Desktop/Study/6 semestr/Multithreading/build
"ServerLogicExecutionTest.RespectsMachineLimitAndKeepsExtraOrdersQueued" start time: Mar 12 18:14 MSK
Output:
----------------------------------------------------------
Running main() from /tmp/googletest-20240731-4513-2m6gxg/googletest-1.15.2/googletest/src/gtest_main.cc
Note: Google Test filter = ServerLogicExecutionTest.RespectsMachineLimitAndKeepsExtraOrdersQueued
[==========] Running 1 test from 1 test suite.
[----------] Global test environment set-up.
[----------] 1 test from ServerLogicExecutionTest
[ RUN      ] ServerLogicExecutionTest.RespectsMachineLimitAndKeepsExtraOrdersQueued
[       OK ] ServerLogicExecutionTest.RespectsMachineLimitAndKeepsExtraOrdersQueued (113 ms)
[----------] 1 test from ServerLogicExecutionTest (113 ms total)

[----------] Global test environment tear-down
[==========] 1 test from 1 test suite ran. (113 ms total)
[  PASSED  ] 1 test.
<end of output>
Test time =   0.12 sec
----------------------------------------------------------
Test Passed.
"ServerLogicExecutionTest.RespectsMachineLimitAndKeepsExtraOrdersQueued" end time: Mar 12 18:14 MSK
"ServerLogicExecutionTest.RespectsMachineLimitAndKeepsExtraOrdersQueued" time elapsed: 00:00:00
----------------------------------------------------------

15/21 Testing: ServerLogicBuyMachineTest.BuysMachineWhenEnoughCoinsAvailable
15/21 Test: ServerLogicBuyMachineTest.BuysMachineWhenEnoughCoinsAvailable
Command: "/Users/nikitagerasimov/Desktop/Study/6 semestr/Multithreading/build/server_logic_tests" "--gtest_filter=ServerLogicBuyMachineTest.BuysMachineWhenEnoughCoinsAvailable" "--gtest_also_run_disabled_tests"
Directory: /Users/nikitagerasimov/Desktop/Study/6 semestr/Multithreading/build
"ServerLogicBuyMachineTest.BuysMachineWhenEnoughCoinsAvailable" start time: Mar 12 18:14 MSK
Output:
----------------------------------------------------------
Running main() from /tmp/googletest-20240731-4513-2m6gxg/googletest-1.15.2/googletest/src/gtest_main.cc
Note: Google Test filter = ServerLogicBuyMachineTest.BuysMachineWhenEnoughCoinsAvailable
[==========] Running 1 test from 1 test suite.
[----------] Global test environment set-up.
[----------] 1 test from ServerLogicBuyMachineTest
[ RUN      ] ServerLogicBuyMachineTest.BuysMachineWhenEnoughCoinsAvailable
[       OK ] ServerLogicBuyMachineTest.BuysMachineWhenEnoughCoinsAvailable (0 ms)
[----------] 1 test from ServerLogicBuyMachineTest (0 ms total)

[----------] Global test environment tear-down
[==========] 1 test from 1 test suite ran. (0 ms total)
[  PASSED  ] 1 test.
<end of output>
Test time =   0.01 sec
----------------------------------------------------------
Test Passed.
"ServerLogicBuyMachineTest.BuysMachineWhenEnoughCoinsAvailable" end time: Mar 12 18:14 MSK
"ServerLogicBuyMachineTest.BuysMachineWhenEnoughCoinsAvailable" time elapsed: 00:00:00
----------------------------------------------------------

16/21 Testing: ServerLogicBuyMachineTest.RejectsPurchaseWhenCoinsAreInsufficient
16/21 Test: ServerLogicBuyMachineTest.RejectsPurchaseWhenCoinsAreInsufficient
Command: "/Users/nikitagerasimov/Desktop/Study/6 semestr/Multithreading/build/server_logic_tests" "--gtest_filter=ServerLogicBuyMachineTest.RejectsPurchaseWhenCoinsAreInsufficient" "--gtest_also_run_disabled_tests"
Directory: /Users/nikitagerasimov/Desktop/Study/6 semestr/Multithreading/build
"ServerLogicBuyMachineTest.RejectsPurchaseWhenCoinsAreInsufficient" start time: Mar 12 18:14 MSK
Output:
----------------------------------------------------------
Running main() from /tmp/googletest-20240731-4513-2m6gxg/googletest-1.15.2/googletest/src/gtest_main.cc
Note: Google Test filter = ServerLogicBuyMachineTest.RejectsPurchaseWhenCoinsAreInsufficient
[==========] Running 1 test from 1 test suite.
[----------] Global test environment set-up.
[----------] 1 test from ServerLogicBuyMachineTest
[ RUN      ] ServerLogicBuyMachineTest.RejectsPurchaseWhenCoinsAreInsufficient
[       OK ] ServerLogicBuyMachineTest.RejectsPurchaseWhenCoinsAreInsufficient (0 ms)
[----------] 1 test from ServerLogicBuyMachineTest (0 ms total)

[----------] Global test environment tear-down
[==========] 1 test from 1 test suite ran. (0 ms total)
[  PASSED  ] 1 test.
<end of output>
Test time =   0.01 sec
----------------------------------------------------------
Test Passed.
"ServerLogicBuyMachineTest.RejectsPurchaseWhenCoinsAreInsufficient" end time: Mar 12 18:14 MSK
"ServerLogicBuyMachineTest.RejectsPurchaseWhenCoinsAreInsufficient" time elapsed: 00:00:00
----------------------------------------------------------

17/21 Testing: ServerLogicCancelOrderTest.CancelsQueuedOrder
17/21 Test: ServerLogicCancelOrderTest.CancelsQueuedOrder
Command: "/Users/nikitagerasimov/Desktop/Study/6 semestr/Multithreading/build/server_logic_tests" "--gtest_filter=ServerLogicCancelOrderTest.CancelsQueuedOrder" "--gtest_also_run_disabled_tests"
Directory: /Users/nikitagerasimov/Desktop/Study/6 semestr/Multithreading/build
"ServerLogicCancelOrderTest.CancelsQueuedOrder" start time: Mar 12 18:14 MSK
Output:
----------------------------------------------------------
Running main() from /tmp/googletest-20240731-4513-2m6gxg/googletest-1.15.2/googletest/src/gtest_main.cc
Note: Google Test filter = ServerLogicCancelOrderTest.CancelsQueuedOrder
[==========] Running 1 test from 1 test suite.
[----------] Global test environment set-up.
[----------] 1 test from ServerLogicCancelOrderTest
[ RUN      ] ServerLogicCancelOrderTest.CancelsQueuedOrder
[       OK ] ServerLogicCancelOrderTest.CancelsQueuedOrder (0 ms)
[----------] 1 test from ServerLogicCancelOrderTest (0 ms total)

[----------] Global test environment tear-down
[==========] 1 test from 1 test suite ran. (0 ms total)
[  PASSED  ] 1 test.
<end of output>
Test time =   0.01 sec
----------------------------------------------------------
Test Passed.
"ServerLogicCancelOrderTest.CancelsQueuedOrder" end time: Mar 12 18:14 MSK
"ServerLogicCancelOrderTest.CancelsQueuedOrder" time elapsed: 00:00:00
----------------------------------------------------------

18/21 Testing: ServerLogicCancelOrderTest.CancelsRunningOrderCooperatively
18/21 Test: ServerLogicCancelOrderTest.CancelsRunningOrderCooperatively
Command: "/Users/nikitagerasimov/Desktop/Study/6 semestr/Multithreading/build/server_logic_tests" "--gtest_filter=ServerLogicCancelOrderTest.CancelsRunningOrderCooperatively" "--gtest_also_run_disabled_tests"
Directory: /Users/nikitagerasimov/Desktop/Study/6 semestr/Multithreading/build
"ServerLogicCancelOrderTest.CancelsRunningOrderCooperatively" start time: Mar 12 18:14 MSK
Output:
----------------------------------------------------------
Running main() from /tmp/googletest-20240731-4513-2m6gxg/googletest-1.15.2/googletest/src/gtest_main.cc
Note: Google Test filter = ServerLogicCancelOrderTest.CancelsRunningOrderCooperatively
[==========] Running 1 test from 1 test suite.
[----------] Global test environment set-up.
[----------] 1 test from ServerLogicCancelOrderTest
[ RUN      ] ServerLogicCancelOrderTest.CancelsRunningOrderCooperatively
[       OK ] ServerLogicCancelOrderTest.CancelsRunningOrderCooperatively (6 ms)
[----------] 1 test from ServerLogicCancelOrderTest (6 ms total)

[----------] Global test environment tear-down
[==========] 1 test from 1 test suite ran. (6 ms total)
[  PASSED  ] 1 test.
<end of output>
Test time =   0.01 sec
----------------------------------------------------------
Test Passed.
"ServerLogicCancelOrderTest.CancelsRunningOrderCooperatively" end time: Mar 12 18:14 MSK
"ServerLogicCancelOrderTest.CancelsRunningOrderCooperatively" time elapsed: 00:00:00
----------------------------------------------------------

19/21 Testing: ServerLogicRatingTest.RecalculatesRatingAfterOrderCompletion
19/21 Test: ServerLogicRatingTest.RecalculatesRatingAfterOrderCompletion
Command: "/Users/nikitagerasimov/Desktop/Study/6 semestr/Multithreading/build/server_logic_tests" "--gtest_filter=ServerLogicRatingTest.RecalculatesRatingAfterOrderCompletion" "--gtest_also_run_disabled_tests"
Directory: /Users/nikitagerasimov/Desktop/Study/6 semestr/Multithreading/build
"ServerLogicRatingTest.RecalculatesRatingAfterOrderCompletion" start time: Mar 12 18:14 MSK
Output:
----------------------------------------------------------
Running main() from /tmp/googletest-20240731-4513-2m6gxg/googletest-1.15.2/googletest/src/gtest_main.cc
Note: Google Test filter = ServerLogicRatingTest.RecalculatesRatingAfterOrderCompletion
[==========] Running 1 test from 1 test suite.
[----------] Global test environment set-up.
[----------] 1 test from ServerLogicRatingTest
[ RUN      ] ServerLogicRatingTest.RecalculatesRatingAfterOrderCompletion
[       OK ] ServerLogicRatingTest.RecalculatesRatingAfterOrderCompletion (56 ms)
[----------] 1 test from ServerLogicRatingTest (56 ms total)

[----------] Global test environment tear-down
[==========] 1 test from 1 test suite ran. (56 ms total)
[  PASSED  ] 1 test.
<end of output>
Test time =   0.06 sec
----------------------------------------------------------
Test Passed.
"ServerLogicRatingTest.RecalculatesRatingAfterOrderCompletion" end time: Mar 12 18:14 MSK
"ServerLogicRatingTest.RecalculatesRatingAfterOrderCompletion" time elapsed: 00:00:00
----------------------------------------------------------

20/21 Testing: ServerLogicRatingTest.PublishesLiveRatingUpdates
20/21 Test: ServerLogicRatingTest.PublishesLiveRatingUpdates
Command: "/Users/nikitagerasimov/Desktop/Study/6 semestr/Multithreading/build/server_logic_tests" "--gtest_filter=ServerLogicRatingTest.PublishesLiveRatingUpdates" "--gtest_also_run_disabled_tests"
Directory: /Users/nikitagerasimov/Desktop/Study/6 semestr/Multithreading/build
"ServerLogicRatingTest.PublishesLiveRatingUpdates" start time: Mar 12 18:14 MSK
Output:
----------------------------------------------------------
Running main() from /tmp/googletest-20240731-4513-2m6gxg/googletest-1.15.2/googletest/src/gtest_main.cc
Note: Google Test filter = ServerLogicRatingTest.PublishesLiveRatingUpdates
[==========] Running 1 test from 1 test suite.
[----------] Global test environment set-up.
[----------] 1 test from ServerLogicRatingTest
[ RUN      ] ServerLogicRatingTest.PublishesLiveRatingUpdates
[       OK ] ServerLogicRatingTest.PublishesLiveRatingUpdates (54 ms)
[----------] 1 test from ServerLogicRatingTest (54 ms total)

[----------] Global test environment tear-down
[==========] 1 test from 1 test suite ran. (54 ms total)
[  PASSED  ] 1 test.
<end of output>
Test time =   0.06 sec
----------------------------------------------------------
Test Passed.
"ServerLogicRatingTest.PublishesLiveRatingUpdates" end time: Mar 12 18:14 MSK
"ServerLogicRatingTest.PublishesLiveRatingUpdates" time elapsed: 00:00:00
----------------------------------------------------------

21/21 Testing: ServerLogicConcurrencyTest.SupportsConcurrentOrderCreation
21/21 Test: ServerLogicConcurrencyTest.SupportsConcurrentOrderCreation
Command: "/Users/nikitagerasimov/Desktop/Study/6 semestr/Multithreading/build/server_logic_tests" "--gtest_filter=ServerLogicConcurrencyTest.SupportsConcurrentOrderCreation" "--gtest_also_run_disabled_tests"
Directory: /Users/nikitagerasimov/Desktop/Study/6 semestr/Multithreading/build
"ServerLogicConcurrencyTest.SupportsConcurrentOrderCreation" start time: Mar 12 18:14 MSK
Output:
----------------------------------------------------------
Running main() from /tmp/googletest-20240731-4513-2m6gxg/googletest-1.15.2/googletest/src/gtest_main.cc
Note: Google Test filter = ServerLogicConcurrencyTest.SupportsConcurrentOrderCreation
[==========] Running 1 test from 1 test suite.
[----------] Global test environment set-up.
[----------] 1 test from ServerLogicConcurrencyTest
[ RUN      ] ServerLogicConcurrencyTest.SupportsConcurrentOrderCreation
[       OK ] ServerLogicConcurrencyTest.SupportsConcurrentOrderCreation (0 ms)
[----------] 1 test from ServerLogicConcurrencyTest (0 ms total)

[----------] Global test environment tear-down
[==========] 1 test from 1 test suite ran. (1 ms total)
[  PASSED  ] 1 test.
<end of output>
Test time =   0.01 sec
----------------------------------------------------------
Test Passed.
"ServerLogicConcurrencyTest.SupportsConcurrentOrderCreation" end time: Mar 12 18:14 MSK
"ServerLogicConcurrencyTest.SupportsConcurrentOrderCreation" time elapsed: 00:00:00
----------------------------------------------------------

End testing: Mar 12 18:14 MSK
